<?xml version="1.0" encoding="UTF-8"?>
<!-- Generated by org.testng.reporters.JUnitReportReporter -->
<testsuite hostname="DESKTOP-6DKNH69" failures="0" tests="1" name="Runnerfile.RunnerC" time="18.228" errors="0" timestamp="2024-11-07T09:54:55 IST" skipped="0">
  <testcase classname="Runnerfile.RunnerC" name="runScenario" time="18.228"/>
  <system-out/>
</testsuite> <!-- Runnerfile.RunnerC -->
